<?xml version="1.0" encoding="UTF-8"?>
<testng-results skipped="0" failed="0" ignored="1" total="2" passed="1">
  <reporter-output>
  </reporter-output>
  <suite name="Default suite" duration-ms="5026" started-at="2021-07-03T05:13:36 UTC" finished-at="2021-07-03T05:13:41 UTC">
    <groups>
    </groups>
    <test name="Default test" duration-ms="5026" started-at="2021-07-03T05:13:36 UTC" finished-at="2021-07-03T05:13:41 UTC">
      <class name="test.LoginTest">
        <test-method status="PASS" signature="Login()[pri:0, instance:test.LoginTest@480bdb19]" name="Login" is-config="true" duration-ms="2538" started-at="2021-07-03T05:13:36 UTC" finished-at="2021-07-03T05:13:39 UTC">
          <reporter-output>
          </reporter-output>
        </test-method> <!-- Login -->
        <test-method status="PASS" signature="logintest()[pri:0, instance:test.LoginTest@480bdb19]" name="logintest" duration-ms="2174" started-at="2021-07-03T05:13:39 UTC" finished-at="2021-07-03T05:13:41 UTC">
          <reporter-output>
          </reporter-output>
        </test-method> <!-- logintest -->
        <test-method status="PASS" signature="teardown()[pri:0, instance:test.LoginTest@480bdb19]" name="teardown" is-config="true" duration-ms="277" started-at="2021-07-03T05:13:41 UTC" finished-at="2021-07-03T05:13:41 UTC">
          <reporter-output>
          </reporter-output>
        </test-method> <!-- teardown -->
      </class> <!-- test.LoginTest -->
    </test> <!-- Default test -->
  </suite> <!-- Default suite -->
</testng-results>
